<?xml version="1.0" encoding="UTF-8"?>
<testsuite xmlns:xsi="http://www.w3.org/2001/XMLSchema-instance" xsi:noNamespaceSchemaLocation="https://maven.apache.org/surefire/maven-surefire-plugin/xsd/surefire-test-report.xsd" name="resources.TransactionControllerTests" time="7.108" tests="7" errors="0" skipped="0" failures="0">
  <properties>
    <property name="java.specification.version" value="21"/>
    <property name="sun.jnu.encoding" value="UTF-8"/>
    <property name="java.class.path" value="/Users/gyaltsen_tenzin/Documents/COMP 128/CodeScreen_0zq3suma/target/test-classes:/Users/gyaltsen_tenzin/Documents/COMP 128/CodeScreen_0zq3suma/target/classes:/Users/gyaltsen_tenzin/.m2/repository/junit/junit/4.12/junit-4.12.jar:/Users/gyaltsen_tenzin/.m2/repository/org/hamcrest/hamcrest-core/2.2/hamcrest-core-2.2.jar:/Users/gyaltsen_tenzin/.m2/repository/org/hamcrest/hamcrest/2.2/hamcrest-2.2.jar:/Users/gyaltsen_tenzin/.m2/repository/com/google/guava/guava/28.0-jre/guava-28.0-jre.jar:/Users/gyaltsen_tenzin/.m2/repository/com/google/guava/failureaccess/1.0.1/failureaccess-1.0.1.jar:/Users/gyaltsen_tenzin/.m2/repository/com/google/guava/listenablefuture/9999.0-empty-to-avoid-conflict-with-guava/listenablefuture-9999.0-empty-to-avoid-conflict-with-guava.jar:/Users/gyaltsen_tenzin/.m2/repository/com/google/code/findbugs/jsr305/3.0.2/jsr305-3.0.2.jar:/Users/gyaltsen_tenzin/.m2/repository/org/checkerframework/checker-qual/2.8.1/checker-qual-2.8.1.jar:/Users/gyaltsen_tenzin/.m2/repository/com/google/errorprone/error_prone_annotations/2.3.2/error_prone_annotations-2.3.2.jar:/Users/gyaltsen_tenzin/.m2/repository/com/google/j2objc/j2objc-annotations/1.3/j2objc-annotations-1.3.jar:/Users/gyaltsen_tenzin/.m2/repository/org/codehaus/mojo/animal-sniffer-annotations/1.17/animal-sniffer-annotations-1.17.jar:/Users/gyaltsen_tenzin/.m2/repository/com/fasterxml/jackson/core/jackson-databind/2.17.0/jackson-databind-2.17.0.jar:/Users/gyaltsen_tenzin/.m2/repository/com/fasterxml/jackson/core/jackson-annotations/2.17.0/jackson-annotations-2.17.0.jar:/Users/gyaltsen_tenzin/.m2/repository/com/fasterxml/jackson/core/jackson-core/2.17.0/jackson-core-2.17.0.jar:/Users/gyaltsen_tenzin/.m2/repository/net/bytebuddy/byte-buddy/1.14.12/byte-buddy-1.14.12.jar:/Users/gyaltsen_tenzin/.m2/repository/org/apache/commons/commons-lang3/3.12.0/commons-lang3-3.12.0.jar:/Users/gyaltsen_tenzin/.m2/repository/org/springframework/boot/spring-boot-starter-web/3.3.0-M3/spring-boot-starter-web-3.3.0-M3.jar:/Users/gyaltsen_tenzin/.m2/repository/org/springframework/boot/spring-boot-starter/3.3.0-M3/spring-boot-starter-3.3.0-M3.jar:/Users/gyaltsen_tenzin/.m2/repository/org/springframework/boot/spring-boot-starter-logging/3.3.0-M3/spring-boot-starter-logging-3.3.0-M3.jar:/Users/gyaltsen_tenzin/.m2/repository/ch/qos/logback/logback-classic/1.4.14/logback-classic-1.4.14.jar:/Users/gyaltsen_tenzin/.m2/repository/ch/qos/logback/logback-core/1.4.14/logback-core-1.4.14.jar:/Users/gyaltsen_tenzin/.m2/repository/org/apache/logging/log4j/log4j-to-slf4j/2.23.1/log4j-to-slf4j-2.23.1.jar:/Users/gyaltsen_tenzin/.m2/repository/org/apache/logging/log4j/log4j-api/2.23.1/log4j-api-2.23.1.jar:/Users/gyaltsen_tenzin/.m2/repository/org/slf4j/jul-to-slf4j/2.0.12/jul-to-slf4j-2.0.12.jar:/Users/gyaltsen_tenzin/.m2/repository/jakarta/annotation/jakarta.annotation-api/2.1.1/jakarta.annotation-api-2.1.1.jar:/Users/gyaltsen_tenzin/.m2/repository/org/yaml/snakeyaml/2.2/snakeyaml-2.2.jar:/Users/gyaltsen_tenzin/.m2/repository/org/springframework/boot/spring-boot-starter-json/3.3.0-M3/spring-boot-starter-json-3.3.0-M3.jar:/Users/gyaltsen_tenzin/.m2/repository/com/fasterxml/jackson/datatype/jackson-datatype-jdk8/2.17.0/jackson-datatype-jdk8-2.17.0.jar:/Users/gyaltsen_tenzin/.m2/repository/com/fasterxml/jackson/datatype/jackson-datatype-jsr310/2.17.0/jackson-datatype-jsr310-2.17.0.jar:/Users/gyaltsen_tenzin/.m2/repository/com/fasterxml/jackson/module/jackson-module-parameter-names/2.17.0/jackson-module-parameter-names-2.17.0.jar:/Users/gyaltsen_tenzin/.m2/repository/org/springframework/boot/spring-boot-starter-tomcat/3.3.0-M3/spring-boot-starter-tomcat-3.3.0-M3.jar:/Users/gyaltsen_tenzin/.m2/repository/org/apache/tomcat/embed/tomcat-embed-core/10.1.19/tomcat-embed-core-10.1.19.jar:/Users/gyaltsen_tenzin/.m2/repository/org/apache/tomcat/embed/tomcat-embed-el/10.1.19/tomcat-embed-el-10.1.19.jar:/Users/gyaltsen_tenzin/.m2/repository/org/apache/tomcat/embed/tomcat-embed-websocket/10.1.19/tomcat-embed-websocket-10.1.19.jar:/Users/gyaltsen_tenzin/.m2/repository/org/springframework/spring-web/6.1.5/spring-web-6.1.5.jar:/Users/gyaltsen_tenzin/.m2/repository/org/springframework/spring-beans/6.1.5/spring-beans-6.1.5.jar:/Users/gyaltsen_tenzin/.m2/repository/io/micrometer/micrometer-observation/1.13.0-M2/micrometer-observation-1.13.0-M2.jar:/Users/gyaltsen_tenzin/.m2/repository/io/micrometer/micrometer-commons/1.13.0-M2/micrometer-commons-1.13.0-M2.jar:/Users/gyaltsen_tenzin/.m2/repository/org/springframework/spring-webmvc/6.1.5/spring-webmvc-6.1.5.jar:/Users/gyaltsen_tenzin/.m2/repository/org/springframework/spring-aop/6.1.5/spring-aop-6.1.5.jar:/Users/gyaltsen_tenzin/.m2/repository/org/springframework/spring-context/6.1.5/spring-context-6.1.5.jar:/Users/gyaltsen_tenzin/.m2/repository/org/springframework/spring-expression/6.1.5/spring-expression-6.1.5.jar:/Users/gyaltsen_tenzin/.m2/repository/org/junit/jupiter/junit-jupiter/5.10.2/junit-jupiter-5.10.2.jar:/Users/gyaltsen_tenzin/.m2/repository/org/junit/jupiter/junit-jupiter-api/5.10.2/junit-jupiter-api-5.10.2.jar:/Users/gyaltsen_tenzin/.m2/repository/org/opentest4j/opentest4j/1.3.0/opentest4j-1.3.0.jar:/Users/gyaltsen_tenzin/.m2/repository/org/junit/platform/junit-platform-commons/1.10.2/junit-platform-commons-1.10.2.jar:/Users/gyaltsen_tenzin/.m2/repository/org/apiguardian/apiguardian-api/1.1.2/apiguardian-api-1.1.2.jar:/Users/gyaltsen_tenzin/.m2/repository/org/junit/jupiter/junit-jupiter-params/5.10.2/junit-jupiter-params-5.10.2.jar:/Users/gyaltsen_tenzin/.m2/repository/org/junit/jupiter/junit-jupiter-engine/5.10.2/junit-jupiter-engine-5.10.2.jar:/Users/gyaltsen_tenzin/.m2/repository/org/junit/platform/junit-platform-engine/1.10.2/junit-platform-engine-1.10.2.jar:/Users/gyaltsen_tenzin/.m2/repository/org/springframework/boot/spring-boot-test/3.3.0-M3/spring-boot-test-3.3.0-M3.jar:/Users/gyaltsen_tenzin/.m2/repository/org/springframework/boot/spring-boot/3.3.0-M3/spring-boot-3.3.0-M3.jar:/Users/gyaltsen_tenzin/.m2/repository/org/springframework/spring-test/6.1.5/spring-test-6.1.5.jar:/Users/gyaltsen_tenzin/.m2/repository/org/springframework/spring-core/6.1.5/spring-core-6.1.5.jar:/Users/gyaltsen_tenzin/.m2/repository/org/springframework/spring-jcl/6.1.5/spring-jcl-6.1.5.jar:/Users/gyaltsen_tenzin/.m2/repository/org/springframework/boot/spring-boot-test-autoconfigure/3.3.0-M3/spring-boot-test-autoconfigure-3.3.0-M3.jar:/Users/gyaltsen_tenzin/.m2/repository/org/springframework/boot/spring-boot-autoconfigure/3.3.0-M3/spring-boot-autoconfigure-3.3.0-M3.jar:/Users/gyaltsen_tenzin/.m2/repository/com/jayway/jsonpath/json-path/2.6.0/json-path-2.6.0.jar:/Users/gyaltsen_tenzin/.m2/repository/net/minidev/json-smart/2.5.0/json-smart-2.5.0.jar:/Users/gyaltsen_tenzin/.m2/repository/net/minidev/accessors-smart/2.5.0/accessors-smart-2.5.0.jar:/Users/gyaltsen_tenzin/.m2/repository/org/ow2/asm/asm/9.3/asm-9.3.jar:/Users/gyaltsen_tenzin/.m2/repository/org/slf4j/slf4j-api/2.0.12/slf4j-api-2.0.12.jar:/Users/gyaltsen_tenzin/.m2/repository/org/mockito/mockito-junit-jupiter/3.9.0/mockito-junit-jupiter-3.9.0.jar:/Users/gyaltsen_tenzin/.m2/repository/org/mockito/mockito-core/3.9.0/mockito-core-3.9.0.jar:/Users/gyaltsen_tenzin/.m2/repository/net/bytebuddy/byte-buddy-agent/1.14.12/byte-buddy-agent-1.14.12.jar:/Users/gyaltsen_tenzin/.m2/repository/org/objenesis/objenesis/3.2/objenesis-3.2.jar:/Users/gyaltsen_tenzin/.m2/repository/org/mockito/mockito-inline/3.9.0/mockito-inline-3.9.0.jar:"/>
    <property name="java.vm.vendor" value="Homebrew"/>
    <property name="sun.arch.data.model" value="64"/>
    <property name="java.vendor.url" value="https://github.com/Homebrew/homebrew-core/issues"/>
    <property name="os.name" value="Mac OS X"/>
    <property name="java.vm.specification.version" value="21"/>
    <property name="sun.java.launcher" value="SUN_STANDARD"/>
    <property name="user.country" value="US"/>
    <property name="sun.boot.library.path" value="/opt/homebrew/Cellar/openjdk/21/libexec/openjdk.jdk/Contents/Home/lib"/>
    <property name="sun.java.command" value="/Users/gyaltsen_tenzin/Documents/COMP 128/CodeScreen_0zq3suma/target/surefire/surefirebooter17634958036157649146.jar /Users/gyaltsen_tenzin/Documents/COMP 128/CodeScreen_0zq3suma/target/surefire 2024-05-01T14-30-38_384-jvmRun1 surefire9419179789395751668tmp surefire_27284239941336037572tmp"/>
    <property name="http.nonProxyHosts" value="local|*.local|169.254/16|*.169.254/16"/>
    <property name="jdk.debug" value="release"/>
    <property name="surefire.test.class.path" value="/Users/gyaltsen_tenzin/Documents/COMP 128/CodeScreen_0zq3suma/target/test-classes:/Users/gyaltsen_tenzin/Documents/COMP 128/CodeScreen_0zq3suma/target/classes:/Users/gyaltsen_tenzin/.m2/repository/junit/junit/4.12/junit-4.12.jar:/Users/gyaltsen_tenzin/.m2/repository/org/hamcrest/hamcrest-core/2.2/hamcrest-core-2.2.jar:/Users/gyaltsen_tenzin/.m2/repository/org/hamcrest/hamcrest/2.2/hamcrest-2.2.jar:/Users/gyaltsen_tenzin/.m2/repository/com/google/guava/guava/28.0-jre/guava-28.0-jre.jar:/Users/gyaltsen_tenzin/.m2/repository/com/google/guava/failureaccess/1.0.1/failureaccess-1.0.1.jar:/Users/gyaltsen_tenzin/.m2/repository/com/google/guava/listenablefuture/9999.0-empty-to-avoid-conflict-with-guava/listenablefuture-9999.0-empty-to-avoid-conflict-with-guava.jar:/Users/gyaltsen_tenzin/.m2/repository/com/google/code/findbugs/jsr305/3.0.2/jsr305-3.0.2.jar:/Users/gyaltsen_tenzin/.m2/repository/org/checkerframework/checker-qual/2.8.1/checker-qual-2.8.1.jar:/Users/gyaltsen_tenzin/.m2/repository/com/google/errorprone/error_prone_annotations/2.3.2/error_prone_annotations-2.3.2.jar:/Users/gyaltsen_tenzin/.m2/repository/com/google/j2objc/j2objc-annotations/1.3/j2objc-annotations-1.3.jar:/Users/gyaltsen_tenzin/.m2/repository/org/codehaus/mojo/animal-sniffer-annotations/1.17/animal-sniffer-annotations-1.17.jar:/Users/gyaltsen_tenzin/.m2/repository/com/fasterxml/jackson/core/jackson-databind/2.17.0/jackson-databind-2.17.0.jar:/Users/gyaltsen_tenzin/.m2/repository/com/fasterxml/jackson/core/jackson-annotations/2.17.0/jackson-annotations-2.17.0.jar:/Users/gyaltsen_tenzin/.m2/repository/com/fasterxml/jackson/core/jackson-core/2.17.0/jackson-core-2.17.0.jar:/Users/gyaltsen_tenzin/.m2/repository/net/bytebuddy/byte-buddy/1.14.12/byte-buddy-1.14.12.jar:/Users/gyaltsen_tenzin/.m2/repository/org/apache/commons/commons-lang3/3.12.0/commons-lang3-3.12.0.jar:/Users/gyaltsen_tenzin/.m2/repository/org/springframework/boot/spring-boot-starter-web/3.3.0-M3/spring-boot-starter-web-3.3.0-M3.jar:/Users/gyaltsen_tenzin/.m2/repository/org/springframework/boot/spring-boot-starter/3.3.0-M3/spring-boot-starter-3.3.0-M3.jar:/Users/gyaltsen_tenzin/.m2/repository/org/springframework/boot/spring-boot-starter-logging/3.3.0-M3/spring-boot-starter-logging-3.3.0-M3.jar:/Users/gyaltsen_tenzin/.m2/repository/ch/qos/logback/logback-classic/1.4.14/logback-classic-1.4.14.jar:/Users/gyaltsen_tenzin/.m2/repository/ch/qos/logback/logback-core/1.4.14/logback-core-1.4.14.jar:/Users/gyaltsen_tenzin/.m2/repository/org/apache/logging/log4j/log4j-to-slf4j/2.23.1/log4j-to-slf4j-2.23.1.jar:/Users/gyaltsen_tenzin/.m2/repository/org/apache/logging/log4j/log4j-api/2.23.1/log4j-api-2.23.1.jar:/Users/gyaltsen_tenzin/.m2/repository/org/slf4j/jul-to-slf4j/2.0.12/jul-to-slf4j-2.0.12.jar:/Users/gyaltsen_tenzin/.m2/repository/jakarta/annotation/jakarta.annotation-api/2.1.1/jakarta.annotation-api-2.1.1.jar:/Users/gyaltsen_tenzin/.m2/repository/org/yaml/snakeyaml/2.2/snakeyaml-2.2.jar:/Users/gyaltsen_tenzin/.m2/repository/org/springframework/boot/spring-boot-starter-json/3.3.0-M3/spring-boot-starter-json-3.3.0-M3.jar:/Users/gyaltsen_tenzin/.m2/repository/com/fasterxml/jackson/datatype/jackson-datatype-jdk8/2.17.0/jackson-datatype-jdk8-2.17.0.jar:/Users/gyaltsen_tenzin/.m2/repository/com/fasterxml/jackson/datatype/jackson-datatype-jsr310/2.17.0/jackson-datatype-jsr310-2.17.0.jar:/Users/gyaltsen_tenzin/.m2/repository/com/fasterxml/jackson/module/jackson-module-parameter-names/2.17.0/jackson-module-parameter-names-2.17.0.jar:/Users/gyaltsen_tenzin/.m2/repository/org/springframework/boot/spring-boot-starter-tomcat/3.3.0-M3/spring-boot-starter-tomcat-3.3.0-M3.jar:/Users/gyaltsen_tenzin/.m2/repository/org/apache/tomcat/embed/tomcat-embed-core/10.1.19/tomcat-embed-core-10.1.19.jar:/Users/gyaltsen_tenzin/.m2/repository/org/apache/tomcat/embed/tomcat-embed-el/10.1.19/tomcat-embed-el-10.1.19.jar:/Users/gyaltsen_tenzin/.m2/repository/org/apache/tomcat/embed/tomcat-embed-websocket/10.1.19/tomcat-embed-websocket-10.1.19.jar:/Users/gyaltsen_tenzin/.m2/repository/org/springframework/spring-web/6.1.5/spring-web-6.1.5.jar:/Users/gyaltsen_tenzin/.m2/repository/org/springframework/spring-beans/6.1.5/spring-beans-6.1.5.jar:/Users/gyaltsen_tenzin/.m2/repository/io/micrometer/micrometer-observation/1.13.0-M2/micrometer-observation-1.13.0-M2.jar:/Users/gyaltsen_tenzin/.m2/repository/io/micrometer/micrometer-commons/1.13.0-M2/micrometer-commons-1.13.0-M2.jar:/Users/gyaltsen_tenzin/.m2/repository/org/springframework/spring-webmvc/6.1.5/spring-webmvc-6.1.5.jar:/Users/gyaltsen_tenzin/.m2/repository/org/springframework/spring-aop/6.1.5/spring-aop-6.1.5.jar:/Users/gyaltsen_tenzin/.m2/repository/org/springframework/spring-context/6.1.5/spring-context-6.1.5.jar:/Users/gyaltsen_tenzin/.m2/repository/org/springframework/spring-expression/6.1.5/spring-expression-6.1.5.jar:/Users/gyaltsen_tenzin/.m2/repository/org/junit/jupiter/junit-jupiter/5.10.2/junit-jupiter-5.10.2.jar:/Users/gyaltsen_tenzin/.m2/repository/org/junit/jupiter/junit-jupiter-api/5.10.2/junit-jupiter-api-5.10.2.jar:/Users/gyaltsen_tenzin/.m2/repository/org/opentest4j/opentest4j/1.3.0/opentest4j-1.3.0.jar:/Users/gyaltsen_tenzin/.m2/repository/org/junit/platform/junit-platform-commons/1.10.2/junit-platform-commons-1.10.2.jar:/Users/gyaltsen_tenzin/.m2/repository/org/apiguardian/apiguardian-api/1.1.2/apiguardian-api-1.1.2.jar:/Users/gyaltsen_tenzin/.m2/repository/org/junit/jupiter/junit-jupiter-params/5.10.2/junit-jupiter-params-5.10.2.jar:/Users/gyaltsen_tenzin/.m2/repository/org/junit/jupiter/junit-jupiter-engine/5.10.2/junit-jupiter-engine-5.10.2.jar:/Users/gyaltsen_tenzin/.m2/repository/org/junit/platform/junit-platform-engine/1.10.2/junit-platform-engine-1.10.2.jar:/Users/gyaltsen_tenzin/.m2/repository/org/springframework/boot/spring-boot-test/3.3.0-M3/spring-boot-test-3.3.0-M3.jar:/Users/gyaltsen_tenzin/.m2/repository/org/springframework/boot/spring-boot/3.3.0-M3/spring-boot-3.3.0-M3.jar:/Users/gyaltsen_tenzin/.m2/repository/org/springframework/spring-test/6.1.5/spring-test-6.1.5.jar:/Users/gyaltsen_tenzin/.m2/repository/org/springframework/spring-core/6.1.5/spring-core-6.1.5.jar:/Users/gyaltsen_tenzin/.m2/repository/org/springframework/spring-jcl/6.1.5/spring-jcl-6.1.5.jar:/Users/gyaltsen_tenzin/.m2/repository/org/springframework/boot/spring-boot-test-autoconfigure/3.3.0-M3/spring-boot-test-autoconfigure-3.3.0-M3.jar:/Users/gyaltsen_tenzin/.m2/repository/org/springframework/boot/spring-boot-autoconfigure/3.3.0-M3/spring-boot-autoconfigure-3.3.0-M3.jar:/Users/gyaltsen_tenzin/.m2/repository/com/jayway/jsonpath/json-path/2.6.0/json-path-2.6.0.jar:/Users/gyaltsen_tenzin/.m2/repository/net/minidev/json-smart/2.5.0/json-smart-2.5.0.jar:/Users/gyaltsen_tenzin/.m2/repository/net/minidev/accessors-smart/2.5.0/accessors-smart-2.5.0.jar:/Users/gyaltsen_tenzin/.m2/repository/org/ow2/asm/asm/9.3/asm-9.3.jar:/Users/gyaltsen_tenzin/.m2/repository/org/slf4j/slf4j-api/2.0.12/slf4j-api-2.0.12.jar:/Users/gyaltsen_tenzin/.m2/repository/org/mockito/mockito-junit-jupiter/3.9.0/mockito-junit-jupiter-3.9.0.jar:/Users/gyaltsen_tenzin/.m2/repository/org/mockito/mockito-core/3.9.0/mockito-core-3.9.0.jar:/Users/gyaltsen_tenzin/.m2/repository/net/bytebuddy/byte-buddy-agent/1.14.12/byte-buddy-agent-1.14.12.jar:/Users/gyaltsen_tenzin/.m2/repository/org/objenesis/objenesis/3.2/objenesis-3.2.jar:/Users/gyaltsen_tenzin/.m2/repository/org/mockito/mockito-inline/3.9.0/mockito-inline-3.9.0.jar:"/>
    <property name="sun.cpu.endian" value="little"/>
    <property name="user.home" value="/Users/gyaltsen_tenzin"/>
    <property name="user.language" value="en"/>
    <property name="java.specification.vendor" value="Oracle Corporation"/>
    <property name="java.version.date" value="2023-09-19"/>
    <property name="java.home" value="/opt/homebrew/Cellar/openjdk/21/libexec/openjdk.jdk/Contents/Home"/>
    <property name="file.separator" value="/"/>
    <property name="basedir" value="/Users/gyaltsen_tenzin/Documents/COMP 128/CodeScreen_0zq3suma"/>
    <property name="java.vm.compressedOopsMode" value="Zero based"/>
    <property name="line.separator" value="&#10;"/>
    <property name="java.vm.specification.vendor" value="Oracle Corporation"/>
    <property name="java.specification.name" value="Java Platform API Specification"/>
    <property name="apple.awt.application.name" value="ForkedBooter"/>
    <property name="surefire.real.class.path" value="/Users/gyaltsen_tenzin/Documents/COMP 128/CodeScreen_0zq3suma/target/surefire/surefirebooter17634958036157649146.jar"/>
    <property name="sun.management.compiler" value="HotSpot 64-Bit Tiered Compilers"/>
    <property name="ftp.nonProxyHosts" value="local|*.local|169.254/16|*.169.254/16"/>
    <property name="java.runtime.version" value="21"/>
    <property name="user.name" value="gyaltsen_tenzin"/>
    <property name="stdout.encoding" value="UTF-8"/>
    <property name="path.separator" value=":"/>
    <property name="os.version" value="14.4.1"/>
    <property name="java.runtime.name" value="OpenJDK Runtime Environment"/>
    <property name="file.encoding" value="UTF-8"/>
    <property name="java.vm.name" value="OpenJDK 64-Bit Server VM"/>
    <property name="java.vendor.version" value="Homebrew"/>
    <property name="localRepository" value="/Users/gyaltsen_tenzin/.m2/repository"/>
    <property name="java.vendor.url.bug" value="https://github.com/Homebrew/homebrew-core/issues"/>
    <property name="java.io.tmpdir" value="/var/folders/6l/j0fp7z1x1wd91dr9bmlw82hc0000gn/T/"/>
    <property name="java.version" value="21"/>
    <property name="user.dir" value="/Users/gyaltsen_tenzin/Documents/COMP 128/CodeScreen_0zq3suma"/>
    <property name="os.arch" value="aarch64"/>
    <property name="java.vm.specification.name" value="Java Virtual Machine Specification"/>
    <property name="native.encoding" value="UTF-8"/>
    <property name="java.library.path" value="/Users/gyaltsen_tenzin/Library/Java/Extensions:/Library/Java/Extensions:/Network/Library/Java/Extensions:/System/Library/Java/Extensions:/usr/lib/java:."/>
    <property name="java.vm.info" value="mixed mode, sharing"/>
    <property name="stderr.encoding" value="UTF-8"/>
    <property name="java.vendor" value="Homebrew"/>
    <property name="java.vm.version" value="21"/>
    <property name="sun.io.unicode.encoding" value="UnicodeBig"/>
    <property name="socksNonProxyHosts" value="local|*.local|169.254/16|*.169.254/16"/>
    <property name="java.class.version" value="65.0"/>
  </properties>
  <testcase name="testPing" classname="resources.TransactionControllerTests" time="0.231"/>
  <testcase name="testLoadFunds_Failure" classname="resources.TransactionControllerTests" time="0.158"/>
  <testcase name="testSetServerTime" classname="resources.TransactionControllerTests" time="0.012"/>
  <testcase name="testAuthorizeTransaction_Failure" classname="resources.TransactionControllerTests" time="0.011"/>
  <testcase name="testAuthorizeTransaction" classname="resources.TransactionControllerTests" time="0.007"/>
  <testcase name="testLoadFunds_NegativeAmount" classname="resources.TransactionControllerTests" time="0.004"/>
  <testcase name="testLoadFunds" classname="resources.TransactionControllerTests" time="0.004"/>
</testsuite>